<?xml version="1.0" encoding="UTF-8"?>
<testng-results skipped="0" failed="0" ignored="0" total="1" passed="1">
  <reporter-output>
  </reporter-output>
  <suite name="Suite" duration-ms="56778" started-at="2019-08-09T07:26:34Z" finished-at="2019-08-09T07:27:30Z">
    <groups>
    </groups>
    <test name="Test" duration-ms="56778" started-at="2019-08-09T07:26:34Z" finished-at="2019-08-09T07:27:30Z">
      <class name="Script.TestYatra">
        <test-method status="PASS" signature="openApplication()[pri:0, instance:Script.TestYatra@708f018e]" name="openApplication" is-config="true" duration-ms="12440" started-at="2019-08-09T07:26:34Z" finished-at="2019-08-09T07:26:46Z">
          <reporter-output>
          </reporter-output>
        </test-method> <!-- openApplication -->
        <test-method status="PASS" signature="testYatra()[pri:0, instance:Script.TestYatra@708f018e]" name="testYatra" duration-ms="43955" started-at="2019-08-09T07:26:46Z" finished-at="2019-08-09T07:27:30Z">
          <reporter-output>
          </reporter-output>
        </test-method> <!-- testYatra -->
        <test-method status="PASS" signature="afterMethod()[pri:0, instance:Script.TestYatra@708f018e]" name="afterMethod" is-config="true" duration-ms="372" started-at="2019-08-09T07:27:30Z" finished-at="2019-08-09T07:27:30Z">
          <reporter-output>
          </reporter-output>
        </test-method> <!-- afterMethod -->
      </class> <!-- Script.TestYatra -->
    </test> <!-- Test -->
  </suite> <!-- Suite -->
</testng-results>
